GloverTeixeira
RashadEvans
RoseNamajunas
TeciaTorres
KhabibNurmagomedov
DarrellHorcher
CubSwanson
HacranDias
MichaelChiesa
BeneilDariush
RaquelPennington
BetheCorreia
SantiagoPonzinibbio
CourtMcGee
MichaelGraves
RandyBrown
JohnDodson
ManvelGamburyan
CezarFerreira
OluwaleBamgbose
ElizeuZaleskidosSantos
OmariAkhmedov
JuniorDosSantos
BenRothwell
DerrickLewis
GabrielGonzaga
FrancisNgannou
CurtisBlaydes
TimJohnson
MarcinTybura
JanBlachowicz
IgorPokrajac
MarynaMoroz
CristinaStanciu
ZakCummings
NicolasDalby
AlejandroPerez
IanEntwistle
MairbekTaisumov
DamirHadzovic
DamianStasiak
FilipPejic
LucasMartins
RobWhiteford
JaredCannonier
CyrilAsker
BojanVelickovic
AlessioDiChirico
MarkHunt
FrankMir
NeilMagny
HectorLombard
JakeMatthews
JohnnyCase
DanielKelly
AntonioCarlosJunior
SteveBosse
JamesTeHuna
BecRawlings
SeoheeHam
AlanJouban
BrendanOReilly
DanHooker
MarkEddiva
LeslieSmith
RinNakai
ViscardiAndrade
RichardWalsh
RossPearson
ChadLaprise
AlanPatrick
DamienBrown
NateDiaz
ConorMcGregor
MieshaTate
HollyHolm
IlirLatifi
GianVillante
CoreyAnderson
TomLawlor
AmandaNunes
ValentinaShevchenko
SiyarBahadurzada
BrandonThatch
NordineTaleb
ErickSilva
VitorMiranda
MarceloGuimaraes
DarrenElkins
ChasSkelly
DiegoSanchez
JimMiller
JasonSaggo
JustinSalas
TerutoIshihara
JulianErosa
MichaelBisping
AndersonSilva
GegardMousasi
ThalesLeites
TomBreese
KeitaNakamura
BradPickett
FranciscoRivera
MakwanAmirkhani
MikeWilkinson
DaveyGrant
MarlonVera
ScottAskham
ChrisDempsey
ArnoldAllen
YaotzinMeza
KrzysztofJotko
BradleyScott
RustamKhabilov
NormanParke
DanielOmielanczuk
JarjisDanho
TeemuPackalen
ThibaultGouti
DavidTeymur
MartinSvensson
DonaldCerrone
AlexOliveira
DerekBrunson
RoanCarneiro
CodyGarbrandt
AugustoMendes
DennisBermudez
TatsuyaKawajiri
ChrisCamozzi
JoeRiggs
JamesKrause
ShaneCampbell
SeanStrickland
AlexGarcia
DanielSarafian
AnthonySmith
LeonardoAugustoLeleco
NathanCoy
JonavinWebb
AshleeEvans-Smith
MarionReneau
LaurenMurphy
KellyFaszholz
ShamilAbdurakhimov
AnthonyHamilton
StephenThompson
JohnyHendricks
RoyNelson
JaredRosholt
OvinceSaintPreux
RafaelFeijao
JosephBenavidez
ZachMakovsky
MishaCirkunov
AlexNicholson
MikePyle
SeanSpencer
JoshuaBurkman
KJNoons
TimSylvia
DamianGrabowski
JustinScoggins
RayBorg
DiegoRivas
NoadLahat
MickeyGall
MikeJackson
AlexWhite
ArtemLobov
AnthonyJohnson
RyanBader
LeighRemedios
JoshBarnett
JimmieRivera
IuriAlcantara
BryanBarberena
SageNorthcutt
TarecSaffiedine
JakeEllenberger
DiegoFerreira
OlivierAubin-Mercier
RafaelNatal
KevinCasey
WilsonReis
DustinOrtiz
AlexanderYakovlev
GeorgeSullivan
AlexCaceres
MasioFullen
CostasPhilippou
MattDwyer
DamonJackson
LevanMakashvili
TonyMartin
FelipeOlivieri
DominickCruz
TJDillashaw
EddieAlvarez
AnthonyPettis
TravisBrowne
MattMitrione
FranciscoTrinaldo
MarkMunoz
PatrickCote
BenSaunders
EdHerman
TimBoetsch
ChrisWade
MehdiBaghdad
LukeSanders
MaximoBlanco
PaulFelder
DaronCruickshank
IvanJorge
SeanOConnell
CharlesRosa
KyleBochniak
RobFont
JoeyGomez
FrancimarBarroso
ElvisMutapcic
RobbieLawler
CarlosCondit
StipeMiocic
AndreiArlovski
AlbertTumenov
LorenzLarkin
BrianOrtega
DiegoBrandao
AbelTrujillo
TonySims
MichaelMcDonald
MasanoriKanehara
AlexMorono
KyleNoke
JustineKish
NinaAnsaroff
DrewDober
ScottHoltzman
DustinPoirier
JoeDuffy
MichinoriTanaka
JoeSoto
SheldonWestcott
EdgarGarcia
RafaelDosAnjos
JoanneCalderwood
AlistairOvereem
LukeBarnatt
PaulDaley
MichaelJohnson
KarolinaKowalkiewicz
RandaMarkos
CharlesOliveira
MylesJury
NateMarquardt
CBDollaway
PawelPawlak
SarahKaufman
TamdanMcCrory
JoshSamman
NikLentz
DannyCastillo
ColeMiller
JimAlers
KamaruUsman
LeonEdwards
VicenteLuque
HayderHassan
HyunGyuLim
LuisHenrique
LeonardoMafra
JoseAldo
LukeRockhold
ChrisWeidman
YoelRomero
JacareSouza
DemianMaia
GunnarNelson
MaxHolloway
JeremyStephens
UrijahFaber
FrankieSaenz
RogerHuerta
JocelynJones-Lybarger
WarlleyAlves
ColbyCovington
LeonardoSantos
KevinLee
MagomedMustafaev
JoeProctor
YancyMedeiros
JohnMakdessi
VaughanLee
MarcioAlexandreJunior
FrankieEdgar
ChadMendes
RyanHall
KiichiKunimoto
TonyFerguson
EdsonBarboza
EvanDunham
JoeLauzon
HansStringer
JasonKnight
OlegTaktarov
MarcinWrzosek
PatrickWalsh
KonstantinErokhin
RyanLaFlare
MikePierce
GeaneHerrera
JobySanchez
ChrisGruetzemacher
AbnerLloveras
JonTuck
PaigeVanZant
PaulRedmond
TJGrant
MarcusBrimage
CodyPfister
ThiagoSantos
EliasTheodorou
TimMeans
JohnHoward
SergioMoraes
ChrisHeatherly
ChrisdelaRocha
ZhangLipeng
AljamainSterling
JohnnyEduardo
LyotoMachida
AndreasStahl
DannyRoberts
JamesZikic
ZubairaTukhugov
PhillipeNover
KailinCurran
EmilyPetersKagan
BensonHenderson
JorgeMasvidal
DongHyunKim
DominicWaters
AlbertoMina
YoshihiroAkiyama
DoohoChoi
SamSicilia
DongiYang
JakeCollier
MikedelaTorre
YuiChulNam
TaeHyunBang
DhiegoLima
LeoKuntz
BuddyRoberts
CortneyCasey
FredySerrano
YaoZhikui
MarcoBeltran
NingGuangyou
DominiqueSteele
ToddDuffee
RoystonWee
KelvinGastelum
RicardoLamas
JoshThomson
HenryCejudo
JussierFormiga
ErickMontano
EnriqueMarin
EnriqueBarzola
HoracioGutierrez
LeandroSilva
EfrainEscudero
ErikPerez
TaylorLapilus
BartoszFabinski
HectorUrbina
MiguelTorres
ScottJorgensen
AndreFili
GabrielBenitez
AlvaroHerrera
VernonRamos
PoloReyes
CesarArzamendia
MichelPrazeres
ValmirLazaro
RoldanSangcha-an
RondaRousey
JoannaJedrzejczyk
ValerieLetourneau
RodrigodeLima
AntonioSilva
RobertWhittaker
UriahHall
NolanTicman
StefanStruve
EddieYagin
AkbarhArreola
ChrisLeben
PeterSobotta
MikeRicci
AnthonyPerosh
DannyMartinez
RichieVaculik
TimElliott
SteveMontgomery
KevinFerguson
SteveKennedy
JamesMoontasri
AntonZafir
BenNguyen
RyanBenoit
VitorBelfort
DanHenderson
TommyHayden
PatrickCummins
ThomasAlmeida
AnthonyBirchak
JonJones
PiotrHallmann
RashidMagomedov
GilbertBurns
SarahMoras
FabioMaldonado
RaniYahya
GleisonTibau
FeliceHerrig
YanCabral
ThiagoTavares
ClayGuida
MikeEaston
KevinSouza
IgorAraujo
GasanUmalatov
HumbertoBrown
PedroMunhoz
MatheusNicolau
BrunoKorea
LouisSmolka
PaddyHolohan
IldemarAlcantara
RezaMadadi
LymanGood
DarrenTill
NeilSeery
JonDelosReyes
StevieRay
MickaelLebout
AislingDaly
ErickaAlmeida
AndrewCraig
MikeStumpf
CathalPendred
EddieGordon
JohnHathaway
GarrethMcLellan
BubbaBush
DanielCormier
AlexanderGustafsson
LouisGaudinot
RuslanMagomedov
ShawnJordan
RickStory
AliBagautinov
JuliannaPena
JessicaEye
YairRodriguez
VladimirMatyushenko
JavierVazquez
NickDiaz
AdrianoMartins
IslamMakhachev
TyronWoodley
AngelaHill
BradTavares
FranciscoTrevino
SergioPettis
ChrisCariaso
MikeRussow
ViktorPesta
Nah-ShonBurrell
JamesVick
GeorgesSt-Pierre
MichelleWaterson
KyojiHoriguchi
ChicoCamus
TakeyaMizugaki
GeorgeRoop
AngelaMagana
KatsunoriKikuno
MizutoHirota
ClaudioSilva
HatsuHioki
LiJingliang
NickHein
YusukeKasuya
KajanJohnson
NaoyukiKotani
ShinshoAnzai
RogerZapata
DemetriousJohnson
KenStone
CaioMagalhaes
JerrodSanders
RussellDoane
JimiManuwa
TrevorSmith
DanMiller
FrancisCarmont
AlexChambers
JordanMein
BrianBowles
JohnLineker
DarrellMontague
JoeMerritt
JessicaAndrade
TiagoTrator
ClayCollard
ChaelSonnen
RonStallings
JoaquimSilva
NazarenoMalegarie
LewisGonzalez
LisaEllis
JasonBrilz
DylanAndrews
JoeStevenson
FabricioWerdum
CainVelasquez
RodolfoRubio
GilbertMelendez
IanMcCall
VikGrujic
NandorGuelmino
FrankiePerez
SamStout
FelipeArantes
YvesJabouin
NikitaKrylov
MarcosRogeriodeLima
ChrisKelades
ChrisBeal
AlptekinOzkilic
EliasSilverio
SimeonThoresen
DanielJolly
ChanSungJung
JimyHettes
RichardsonMoreira
CharlieBrenneman
AndyEnz
SamAlvey
PatrickWilliams
AlIaquinta
SaraMcMann
TimGorman
RonnyMarkes
AugustoMontano
MitchClarke
WagnerSilva
TomWatson
MilanaDudieva
WillieGates
ThiagoAlves
SirwanKakai
JonathanWilson
EijiMitsuoka
RobertPeralta
RomanSalazar
ChrisHoldsworth
AnthonyChristodoulou
AaronPhillips
LizCarmouche
MauricioRua
RogerioNogueira
GlaicoFranca
FernandoBruno
ReginaldoVieira
DilenoLopes
RyanJimmo
MinotauroNogueira
RodrigoDamm
SoaPalelei
ClaudiaGadelha
JessicaAguilar
CurtWarburton
AaronWilkinson
ThiagoPerpetuo
RampageJackson
RoryMacDonald
ChrisHaseman
TylerToner
YushinOkami
LeandroIssa
PhilDavis
ClintHester
GuidoCannetti
HugoViana
KeithHackney
RenanBarao
AkiraCorassani
MattBrown
NickPace
NicoMusoke
MikeSwick
TakanoriGomi
WaltHarris
AlexisDavis
SultanAliev
HenryBriones
JasonHigh
KennyRobertson
BryanCaraway
EddieWineland
AndyOgle
VagnerRocha
AndrewHolbrook
RamseyNijem
ElizabethPhillips
JessamynDuke
YosdenisCedeno
DavidMichaud
JessicaPenne
StanislavNedkov
DennisSiver
ChrisClements
SakoChivitchian
JessicaRakoczy
LukaszSajewski
GutoInocente
KyleKingsbury
MirkoCroCop
MacDanzig
HernaniPerpetuo
AlanOmer
IvanMenjivar
NiklasBackstrom
JonathanGoulet
AntonioDosSantos
ChrisWilson
MatsNilsson
ShamarBailey
UlkaSasaki
AlexisDufresne
SethBaczynski
LukeZachrich
LanceBenoist
JumabiekeTuerxun
BobbyVoelker
NamPhan
MagnusCedenblad
MiltonVieira
AlbertCheng
AlexandraAlbu
IzabelaBadurek
StevenSiler
MarcinBandel
MarcosVinicius
BrianEbersole
RockyLee
ChristosGiagos
GrayMaynard
JustinEdwards
BJPenn
RicardoAbreu
JoseQuinonez
LeonardoMorales
WendellOliveira
RonyJason
FredsonPaixao
JustinJones
ShanePrimm
TorTroeng
JamieVarner
MirsadBektic
JoshKoscheck
JulianaLima
JohnCholish
JoeEllenberger
LuizDutra
VincPichel
ShaynaBaszler
GarettWhiteley
CodyMcKenzie
GodofredoPepey
DustinKimura
ErnestChavez
DiegoNunes
RogerBowling
JohnMoraga
JoaoZeferino
JesseRonson
DarrenUyenoyama
SteveJennum
CainCarrizosa
BrendanSchaub
JorgedeOliveira
KeithWisniewski
BentleySyler
JulesBruchez
YuriVillefort
JoshuaSampo
DanielSpohn
YoshiyukiYoshida
CarlaEsparza
PedroNobre
CungLe
RogerHollett
OliThompson
AzamatGashimov
WagnerPrado
RexHolman
JianpingYang
SaiWang
RogerNarvaez
DannyMitchell
CJKeith
JakeShields
JoshCopeland
PatBarry
RolandDelorme
BrandonVera
JakeLindsey
GermainedeRandamie
LarissaPacheco
ShaneHowell
CatZingano
AnYingWang
MichihiroOmigawa
ShaneCarwin
SeanSoriano
JulieKedzie
MattVanBuren
DavidHeath
TatekiMatsuda
FabricioCamoes
TerryMartin
NorifumiYamamoto
MitchGagnon
NickRing
MaiquelFalcao
RuanPotts
GilbertSmith
ReneeForte
PascalKrauss
AlexTorres
MikeRhodes
WillCampuzano
TimKennedy
GeraldHarris
BubbaMcDaniel
RenatoMoicano
TomNiinimaki
TrentJenkins
PhilHarris
DanielPineda
MikeKing
JohnPolakowski
EdwinFigueroa
CollinHart
CodyDonovan
WilliamPatolino
ErikKoch
ClayHarvison
DouglasSilvadeAndrade
CodyGibson
RyanCouture
JoshShockley
RobertDrysdale
KeithBerish
JimmyQuinlan
DashonJohnson
JaredHamman
TJWaldburger
NickSerra
BrianFoster
HeatherJoClark
PauloThiago
BartPalaszewski
JohnnyBedford
ManuelRodriguez
AnistavioMedeiros
AntonioBragaNeto
VinnyMagalhaes
BrendanLoughnane
SheilaGaff
ColtonSmith
JustinLawrence
WanderleiSilva
RafaelloOliveira
BenWall
BrianStann
AnthonyLapsley
AlexKaralexis
MattHobar
NickPenner
NickCatone
JoshClopton
DelsonHeleno
EdnaldoOliveira
BobbyGreen
RichFranklin
BristolMarunde
AlekseiOleinik
JesseBongfeldt
EstevanPayan
JohnTeixeira
MattWiman
IsaacVallie-Flagg
ColeEscovedo
XavierFoupa-Pokam
PaulBradley
WagnerCampos
ScottBessac
RikiFukuda
TiequanZhang
YvesEdwards
MattLucas
JeffHougland
ZachLight
KaroParisyan
JuanPuig
MartinKampmann
RaphaelAssuncao
EricWisely
MelvinGuillard
SteveBerger
AlanBelcher
BrunoSantos
BrianMelancon
PeggyMorgan
JackMay
CyrilleDiabate
AnthonyNjokuani
CheickKongo
RoxanneModafferi
KevinJordan
RodrigoRuas
RenzoGracie
JoaoPierini
PapyAbedi
NateLoughran
EdwardFaaloloto
MattSerra
JonMadsen
ByronBloodworth
JamesHead
SeanSherk
AmirSadollah
BennyAlloway
RobBroughton
LeonardGarcia
CristianoMarcello
RemcoPardoel
KurtHolobaugh
PatHealy
KrisMcCray
AlbertoCrane
ChristianMorecraft
TakenoriSato
KyungHoKang
JorgeRivera
EricSchafer
KazukiTokudome
PhilipDeFries
BrodieFarber
TinaLahdemaki
SeanMcCorkle
PabloGarza
SpencerFisher
DanielRoberts
JoseMaria
JohnnyRees
BradBlackburn
LarryCureton
AdamCella
MarioMiranda
ChrisSpang
AaronRiley
MattVeach
JohnAlbert
AlessioSakara
JosephSandoval
GuilhermeVasconcelos
SeanPierson
JuniorHernandez
MarkBocek
WaylonLowe
MikeRio
JustinMcCully
SteveLopez
MostaphaAl-Turk
JohnMaguire
RosiSexton
JulioPaulino
BesamYousef
HenryMartinez
JeffNewton
MarcusLeVesseur
ChrisIndich
MichaelKuiper
RyanParker
BrianHouston
ClaudePatrick
LuisRamos
CoreyHill
RicardoFunch
YasuhiroUrushitani
HaroldHoward
JorgeSantiago
TomDeBlass
EddieSanchez
CheMills
MatthewRiddle
GeorgeSotiropoulos
AdlanAmagov
ShunichiShimizu
KrzysztofSoszynski
WillChope
TerryEtim
QuinnMulhern
AntonioBanuelos
DaveGalera
PaulSass
JeremyLarsen
MarcusAurelio
DustinPague
JoshGrispi
DennisHallman
PaulKelly
JoeVeres
ThiagoSilva
MattHamill
MotonobuTezuka
JoeyBeltran
RousimarPalhares
MuriloBustamante
SamHoger
GerryHarris
TsuyoshiKohsaka
ShanedelRosario
DavidMitchell
TimCredeur
IliardeSantos
JonathanBrookins
NateQuarry
DavidHood
GoranReljic
AaronRosa
ChuckONeil
PaulCreighton
NickOsipczak
DamacioPage
JoshHendricks
MikeBrown
JoshFerguson
TysonGriffin
JohnCofer
AlexandreFerreira
JaredPapazian
EliotMarshall
CliffordStarks
DanStittgen
OnassisParungao
DannyDownes
MackensSemerzier
RyanMcGillivray
MarkScanlon
RogerGracie
BillMahood
RonysTorres
MarkHominick
ColinFletcher
AmarSuloev
SethPetruzelli
RobEmerson
AntonioCarvalho
ChadGriggs
DaveHerman
MattHughes
CarlosEduardoRocha
JorgeGurgel
CaolUno
EdwinDeWees
LucioLinhares
IsseiTamura
FrancescoMaturi
ReubenDuran
JeremyJackson
AlvinRobinson
JoelSutton
DanCramer
StephanBonnar
ChrisCope
EddieMendez
RyanThomas
JoshNeer
BernardoMagalhaes
JohnGunderson
JakeHecht
LavarJohnson
AntonKuivanen
JasonBlack
MattGrice
DanilloVillefort
KarlosVemola
CarosFodor
TomaszDrwal
BrockJardine
RicardoRomero
JonManley
RicardoAlmeida
AndreiSemenov
JasonMiller
UlyssesGomez
KurtPellegrino
GideonRay
JoeyGambino
KojiOishi
LuizCane
JonFitch
ForrestPetz
KimoLeopoldo
JasonLambert
AndreGusmao
JayHieron
JacobVolkmann
AaronSimpson
PaulTaylor
CarloPrater
GabeRuediger
ShaneRoller
IanLoveland
BrandonWolff
DavidKaplan
JamesIrvin
YukiSasaki
DanHardy
EvanTanner
MikeNickels
RichAttonito
SteveSteinbeiss
JoeyGilbert
DuaneLudwig
ForrestGriffin
TitoOrtiz
KennyFlorian
DaMarquesJohnson
AnthonyMacias
JasonYoung
HayatoSakurai
KitCope
PatMiletich
PatrickSmith
RoryMarkham
ColinRobinson
KendallGrove
ChrisPrice
RudyardMoncayo
JohnAlessio
PeteWilliams
YoislandyIzquierdo
JakeOBrien
SteveCantwell
JamesLee
KerrySchall
RossPointon
GilbertYvel
WalelWatson
PatSchilling
MarkColeman
KellyDullanty
JohnMatua
ChrisTickle
JamesToney
ChrisSaunders
TravisWiuff
JutaroNakao
HeathHerring
He-ManGipson
JonOlavEinemo
FrankTrigg
JackMcGlaughlin
JustinBuchholz
JorgeLopez
DanSevern
DonnyWalker
RobKimmons
DustinJacoby
DaveBranch
JasonMacDonald
BrockLesnar
JohnSalter
MikeLullo
ToddBrown
ChrisLytle
LukeCummo
KamalShalorus
JeffCurran
TimHague
AlexSoto
DiegoSaraiva
JuniorAssuncao
NickDenis
JustinJames
MikeMassenzio
ScottJunk
RollesGracie
LaverneClark
JasonGilliam
JohnMarsh
DavidBielkheden
MikeGuymon
JasonVonFlue
RyoChonan
WillamyFreire
DanteRivera
TJOBrien
AmilcarAlves
KristofMidoux
JasonReinhardt
StephenBass
WilsonGouveia
SammyMorgan
ShaneNelson
JoeDoerksen
MarvinEastman
DustinHazelett
BrianCobb
DustinNeace
TeddWilliams
ChuckLiddell
PerEklund
TimLajcik
PatAudinwood
KevinBurns
NeilGrove
BradGumm
TroyMandaloniz
RobYundt
CurtisStout
CJFernandes
PeteSpratt
JeremyHorn
JakeRosholt
SeanGannon
AndreWinner
RandyCouture
PaulBuentello
RameauThierrySokoudjou
ToddMedina
JamesWilks
ShannonGugerty
MarcioCruz
ViniciusQueiroz
ErnieVerdicia
MarkHolst
CharlieValencia
RyanJensen
JonHess
KyleWatson
NeilWain
JamesMcSweeney
KevinRandleman
ChaseGormley
MikeCiesnolevicz
JessLiaudin
FrankLester
AndyAnderson
CameronDollar
KeigoKunihara
JordanRadev
DavidBaron
CarmeloMarrero
SamySchiavo
RodneyWallace
TonyDeSouza
JunieBrowning
JaySilva
TomBlackledge
RonFaircloth
DougEvans
ChrisBrennan
ChrisTuchscherer
MattHorwich
MaciejJewtuszko
JohnDowdy
JesseSanders
KenShamrock
KyleBradley
KeithJardine
AsbelCancio
NissenOsterneck
JoeVedepo
JamieYager
MarcusDavis
TimMcKenzie
PhilBaroni
JesseTaylor
HoustonAlexander
JoshBryant
GregSoto
BobbySouthworth
AntonioMcKee
JamesHammortree
CaleYarbrough
EdilbertodeOliveira
DavidLoiseau
MarcusJones
DarrillSchoonover
CraftonWallace
JustinWren
JesseLennox
LuigiFioravanti
JasonThacker
PhilJohns
JamesGiboo
ChrisSanford
LoduneSincaid
BrockLarson
RichClementi
AlexSchoenauer
JasonDent
DerekDowney
DanLauzon
JensPulver
SteveBruno
JoshRafferty
DenisKang
JoeBrammer
JesseForbes
FloydSword
TomEgan
MarkRobinson
AlexandreBarros
TikiGhosn
AntonioMendes
BrandonMelendez
IvanSerati
NateMohr
AndyWang
DanChristison
RolandoDelgado
JeffJoslin
JaredRollins
BillyMiles
DanBarrera
ShonieCarter
RichieHightower
AntoniHardonk
MeltonBowen
JohnKolosci
JoeSon
DaleHartt
BradMorris
RazakAl-Hassan
DorianPrice
RonvanClief
PaulGeorgieff
BobbyHoffman
DenisStojnic
DaveMenne
HomerMoore
JasonFairn
LoganClark
SteveByrnes
HermesFranca
EldoXavierDias
PeteSell
DrewMcFedries
RobertoTraven
KevinRosier
RyanMadigan
TyroneRoberts
JasonDay
DavidDodd
MichaelPatt
AnthonyTorres
AllenBerube
AmauryBitetti
BrianGeraghty
MikeKyle
AlexAndrade
ChadReiner
MarioNeto
DannyAbbadi
MarceloAguiar
JoaoRoque
AkihiroGono
IvanSalaverry
ElvisSinosic
KazuhiroNakamura
JoeJordan
ChristianWellisch
NateSchroeder
MattArroyo
WesleyCorreira
JonKoppenhaver
AssuerioSilva
JasonTan
GilbertAldana
AdrianSerrano
DavidLee
TravisLutter
VictorValimaki
DeanLister
KalibStarnes
MikeWessel
WesSims
ReeseAndy
CharlesMcCarthy
JonathanWiezorek
WadeShipp
DanEvensen
GenkiSudo
KatsuhisaFujii
SolomonHutcherson
DokonjonosukeMishima
GanMcGee
JasonDeLucia
DrewFickett
KuniyoshiHironaka
KeiichiroYamamiya
MasutatsuYano
DaveStrasser
BasRutten
GeraldStrebendt
NickThompson
DavidTerrell
DinThomas
RyanRoberts
TonyPetarra
JeffCox
MarceloMello
RomanMitichyan
TommySpeer
JeffMonson
TraTelligman
BrianGassaway
RolandPayne
MattLindland
ShermanPendergarst
EmmanuelYarborough
LukeCaudillo
JoshShockman
JohnHalverson
FabianoIha
KenichiYamamoto
RenatoVerissimo
RenatoSobral
YojiAnjo
RobMacDonald
WesCombs
TonyFryklund
CoryWalmsley
DaijuTakase
LanceGibson
HectorRamirez
RorySinger
CarlosNewton
ScottSmith
LeeMurray
StevieLynch
BrandenLeeHinkle
SanaeKikuta
RonWaterman
KristianRothaermel
SatoshiHonma
JustinLevens
IkuhisaMinowa
RoyceGracie
JoeSlick
SeanSalmon
FrankShamrock
IanFreeman
JasonGodsey
BradKohler
EddieRuiz
FabianoScherner
RickDavis
PaulJones
DerrickNoble
BradImes
ValeriIgnatov
LowellAnderson
JoshHaynes
AlfonsoAlcarez
DavidRoberts
AlexandreDantas
ChrisCondo
AnsarChalangov
JorgePatino
TrevorPrangley
SteveVigneault
JerryBohlander
MikeyBurnett
TownsendSaunders
DarrelGholar
FrankCaracci
BenjiRadach
TomMurphy
IchoLarenas
JustinEilers
JohnnyRhodes
SemmySchilt
MikevanArsdale
OrlandoWiet
FredEttish
ScottMorris
MinokiIchihara
ScottBaker
YukiKondo
AlbertaCerraLeon
RobertLucarelli
FrankHamaker
MikeWhitehead
PaulRodriguez
ThaddeusLuster
DavidLevicki
RayWizard
MauriceSmith
SeanDaugherty
VernonWhite
AaronBrink
JohnLewis
RonaldJhun
MarkHughes
AlexStiebling
BenEarwood
SteveJudson
FalanikoVitale
JermaineAndre
DavidAbbott
BobCook
PedroRizzo
RiccoRodriguez
KeithRockel
ChrisLiguori
NickAgallar
DavidVelasquez
ScottAdams
RomieAram
SeanAlvarez
MarcoRuas
AndrePederneiras
RichardCrunkilton
MarkWeir
FlavioLuizMoura
RoyceAlger
GilCastillo
AndreRoberts
TravisFulton
GuyMezger
GaryGoodridge
PhillipMiller
EugeneJackson
SioneLatu
JoeyRoberts
JohnLober
EbenezerFontesBraga
TulioPalhares
AdrianoSantos
CesarMarscucci
PauloSantos
HugoDuarte
JoePardo
BobGilstrap
AllanGoes
HarryMoskowitz
GerardGordeau
NoeHernandez
IgorZinoviev
ArtJimmerson
KevinJackson
TeilaTuli
EugenioTadeu
CourtneyTurner
JoshStewart
KazushiSakuraba
MarcusSilveira
JoeCharles
MarkKerr
DwayneCason
DaveBeneteau
CarlosBarreto
GregStott
HoustonDorr
AlexHunter
DanBobish
BrianJohnston
MotiHorenstein
ToddButler
JoeMoreira
YuriVaulin
SamFulton
DonnieChappell
StevenGraham
TonyHalme
DmitriStepanov
EnsonInoue
ChristopheLeninger
JackNilson
SaeedHosseini
WesAlbritton
ScottFerrozzo
NickSanzo
JimMullen
YoshikiTakahashi
WallidIsmail
RainyMartinez
JustinMartin
EricMartin
JackieLee
DonFrye
SteveNelmark
MarkHall
PaulVarelans
CalWorsham
TaiBowden
MarcusBossett
FelixLeeMitchell
FabioGurgel
SamAdkins
RezaNasri
JulianSanchez
DaveBerry
JohnCampetella
ScottFiedler
GezaKalman
DieuselBerto
KojiKitao
MarkSchultz
RafaelCarino
MattAndersen
ZaneFrazier
PaulHerrera
ThomasRamirez
KeithMielke
